# JRE version: OpenJDK Runtime Environment (8.0_242-b01) (build 1.8.0_242-release-1644-b01)
# Java VM: OpenJDK 64-Bit Server VM (25.242-b01 mixed mode windows-amd64 compressed oops)
Heap:
 PSYoungGen      total 196608K, used 52346K [0x00000000d5580000, 0x00000000e2700000, 0x0000000100000000)
  eden space 184320K, 21% used [0x00000000d5580000,0x00000000d7ca15d8,0x00000000e0980000)
  from space 12288K, 99% used [0x00000000e0f00000,0x00000000e1afd300,0x00000000e1b00000)
  to   space 10240K, 0% used [0x00000000e1d00000,0x00000000e1d00000,0x00000000e2700000)
 ParOldGen       total 123904K, used 31752K [0x0000000080000000, 0x0000000087900000, 0x00000000d5580000)
  object space 123904K, 25% used [0x0000000080000000,0x0000000081f02058,0x0000000087900000)
 Metaspace       used 56088K, capacity 58366K, committed 58664K, reserved 1099776K
  class space    used 7641K, capacity 8141K, committed 8232K, reserved 1048576K
GC Heap History (10 events):
Event: 14.407 GC heap before
{Heap before GC invocations=7 (full 1):
 PSYoungGen      total 76288K, used 74177K [0x00000000d5580000, 0x00000000dd780000, 0x0000000100000000)
  eden space 65536K, 100% used [0x00000000d5580000,0x00000000d9580000,0x00000000d9580000)
  from space 10752K, 80% used [0x00000000d9580000,0x00000000d9df0700,0x00000000da000000)
  to   space 12288K, 0% used [0x00000000dcb80000,0x00000000dcb80000,0x00000000dd780000)
 ParOldGen       total 93696K, used 7049K [0x0000000080000000, 0x0000000085b80000, 0x00000000d5580000)
  object space 93696K, 7% used [0x0000000080000000,0x00000000806e2440,0x0000000085b80000)
 Metaspace       used 33085K, capacity 34244K, committed 34608K, reserved 1079296K
  class space    used 4509K, capacity 4791K, committed 4912K, reserved 1048576K
Event: 14.682 GC heap after
Heap after GC invocations=7 (full 1):
 PSYoungGen      total 120832K, used 9297K [0x00000000d5580000, 0x00000000ddf00000, 0x0000000100000000)
  eden space 108544K, 0% used [0x00000000d5580000,0x00000000d5580000,0x00000000dbf80000)
  from space 12288K, 75% used [0x00000000dcb80000,0x00000000dd494760,0x00000000dd780000)
  to   space 12288K, 0% used [0x00000000dbf80000,0x00000000dbf80000,0x00000000dcb80000)
 ParOldGen       total 93696K, used 7057K [0x0000000080000000, 0x0000000085b80000, 0x00000000d5580000)
  object space 93696K, 7% used [0x0000000080000000,0x00000000806e4440,0x0000000085b80000)
 Metaspace       used 33085K, capacity 34244K, committed 34608K, reserved 1079296K
  class space    used 4509K, capacity 4791K, committed 4912K, reserved 1048576K
}
Event: 15.424 GC heap before
{Heap before GC invocations=8 (full 1):
 PSYoungGen      total 120832K, used 35304K [0x00000000d5580000, 0x00000000ddf00000, 0x0000000100000000)
  eden space 108544K, 23% used [0x00000000d5580000,0x00000000d6ee5b00,0x00000000dbf80000)
  from space 12288K, 75% used [0x00000000dcb80000,0x00000000dd494760,0x00000000dd780000)
  to   space 12288K, 0% used [0x00000000dbf80000,0x00000000dbf80000,0x00000000dcb80000)
 ParOldGen       total 93696K, used 7057K [0x0000000080000000, 0x0000000085b80000, 0x00000000d5580000)
  object space 93696K, 7% used [0x0000000080000000,0x00000000806e4440,0x0000000085b80000)
 Metaspace       used 34311K, capacity 35414K, committed 35496K, reserved 1079296K
  class space    used 4712K, capacity 5002K, committed 5032K, reserved 1048576K
Event: 15.449 GC heap after
Heap after GC invocations=8 (full 1):
 PSYoungGen      total 120832K, used 7937K [0x00000000d5580000, 0x00000000e2880000, 0x0000000100000000)
  eden space 108544K, 0% used [0x00000000d5580000,0x00000000d5580000,0x00000000dbf80000)
  from space 12288K, 64% used [0x00000000dbf80000,0x00000000dc740480,0x00000000dcb80000)
  to   space 11776K, 0% used [0x00000000e1d00000,0x00000000e1d00000,0x00000000e2880000)
 ParOldGen       total 93696K, used 7065K [0x0000000080000000, 0x0000000085b80000, 0x00000000d5580000)
  object space 93696K, 7% used [0x0000000080000000,0x00000000806e6440,0x0000000085b80000)
 Metaspace       used 34311K, capacity 35414K, committed 35496K, reserved 1079296K
  class space    used 4712K, capacity 5002K, committed 5032K, reserved 1048576K
}
Event: 15.449 GC heap before
{Heap before GC invocations=9 (full 2):
 PSYoungGen      total 120832K, used 7937K [0x00000000d5580000, 0x00000000e2880000, 0x0000000100000000)
  eden space 108544K, 0% used [0x00000000d5580000,0x00000000d5580000,0x00000000dbf80000)
  from space 12288K, 64% used [0x00000000dbf80000,0x00000000dc740480,0x00000000dcb80000)
  to   space 11776K, 0% used [0x00000000e1d00000,0x00000000e1d00000,0x00000000e2880000)
 ParOldGen       total 93696K, used 7065K [0x0000000080000000, 0x0000000085b80000, 0x00000000d5580000)
  object space 93696K, 7% used [0x0000000080000000,0x00000000806e6440,0x0000000085b80000)
 Metaspace       used 34311K, capacity 35414K, committed 35496K, reserved 1079296K
  class space    used 4712K, capacity 5002K, committed 5032K, reserved 1048576K
Event: 15.549 GC heap after
Heap after GC invocations=9 (full 2):
 PSYoungGen      total 120832K, used 0K [0x00000000d5580000, 0x00000000e2880000, 0x0000000100000000)
  eden space 108544K, 0% used [0x00000000d5580000,0x00000000d5580000,0x00000000dbf80000)
  from space 12288K, 0% used [0x00000000dbf80000,0x00000000dbf80000,0x00000000dcb80000)
  to   space 11776K, 0% used [0x00000000e1d00000,0x00000000e1d00000,0x00000000e2880000)
 ParOldGen       total 123904K, used 14375K [0x0000000080000000, 0x0000000087900000, 0x00000000d5580000)
  object space 123904K, 11% used [0x0000000080000000,0x0000000080e09f90,0x0000000087900000)
 Metaspace       used 34311K, capacity 35414K, committed 35496K, reserved 1079296K
  class space    used 4712K, capacity 5002K, committed 5032K, reserved 1048576K
}
Event: 18.372 GC heap before
{Heap before GC invocations=10 (full 2):
 PSYoungGen      total 120832K, used 108544K [0x00000000d5580000, 0x00000000e2880000, 0x0000000100000000)
  eden space 108544K, 100% used [0x00000000d5580000,0x00000000dbf80000,0x00000000dbf80000)
  from space 12288K, 0% used [0x00000000dbf80000,0x00000000dbf80000,0x00000000dcb80000)
  to   space 11776K, 0% used [0x00000000e1d00000,0x00000000e1d00000,0x00000000e2880000)
 ParOldGen       total 123904K, used 14375K [0x0000000080000000, 0x0000000087900000, 0x00000000d5580000)
  object space 123904K, 11% used [0x0000000080000000,0x0000000080e09f90,0x0000000087900000)
 Metaspace       used 38045K, capacity 39602K, committed 39720K, reserved 1083392K
  class space    used 5230K, capacity 5569K, committed 5672K, reserved 1048576K
Event: 18.406 GC heap after
Heap after GC invocations=10 (full 2):
 PSYoungGen      total 194560K, used 10152K [0x00000000d5580000, 0x00000000e2700000, 0x0000000100000000)
  eden space 184320K, 0% used [0x00000000d5580000,0x00000000d5580000,0x00000000e0980000)
  from space 10240K, 99% used [0x00000000e1d00000,0x00000000e26ea3f0,0x00000000e2700000)
  to   space 12288K, 0% used [0x00000000e0f00000,0x00000000e0f00000,0x00000000e1b00000)
 ParOldGen       total 123904K, used 14383K [0x0000000080000000, 0x0000000087900000, 0x00000000d5580000)
  object space 123904K, 11% used [0x0000000080000000,0x0000000080e0bf90,0x0000000087900000)
 Metaspace       used 38045K, capacity 39602K, committed 39720K, reserved 1083392K
  class space    used 5230K, capacity 5569K, committed 5672K, reserved 1048576K
}
Event: 23.776 GC heap before
{Heap before GC invocations=11 (full 2):
 PSYoungGen      total 194560K, used 194472K [0x00000000d5580000, 0x00000000e2700000, 0x0000000100000000)
  eden space 184320K, 100% used [0x00000000d5580000,0x00000000e0980000,0x00000000e0980000)
  from space 10240K, 99% used [0x00000000e1d00000,0x00000000e26ea3f0,0x00000000e2700000)
  to   space 12288K, 0% used [0x00000000e0f00000,0x00000000e0f00000,0x00000000e1b00000)
 ParOldGen       total 123904K, used 14383K [0x0000000080000000, 0x0000000087900000, 0x00000000d5580000)
  object space 123904K, 11% used [0x0000000080000000,0x0000000080e0bf90,0x0000000087900000)
 Metaspace       used 54658K, capacity 56882K, committed 57128K, reserved 1097728K
  class space    used 7432K, capacity 7902K, committed 7976K, reserved 1048576K
Event: 23.824 GC heap after
Heap after GC invocations=11 (full 2):
 PSYoungGen      total 196608K, used 12276K [0x00000000d5580000, 0x00000000e2700000, 0x0000000100000000)
  eden space 184320K, 0% used [0x00000000d5580000,0x00000000d5580000,0x00000000e0980000)
  from space 12288K, 99% used [0x00000000e0f00000,0x00000000e1afd300,0x00000000e1b00000)
  to   space 10240K, 0% used [0x00000000e1d00000,0x00000000e1d00000,0x00000000e2700000)
 ParOldGen       total 123904K, used 31752K [0x0000000080000000, 0x0000000087900000, 0x00000000d5580000)
  object space 123904K, 25% used [0x0000000080000000,0x0000000081f02058,0x0000000087900000)
 Metaspace       used 54658K, capacity 56882K, committed 57128K, reserved 1097728K
  class space    used 7432K, capacity 7902K, committed 7976K, reserved 1048576K
}

