# JRE version: OpenJDK Runtime Environment (8.0_242-b01) (build 1.8.0_242-release-1644-b01)
# Java VM: OpenJDK 64-Bit Server VM (25.242-b01 mixed mode windows-amd64 compressed oops)
Heap:
 PSYoungGen      total 239104K, used 219261K [0x00000000d5580000, 0x00000000e5580000, 0x0000000100000000)
  eden space 223232K, 98% used [0x00000000d5580000,0x00000000e2b9f760,0x00000000e2f80000)
  from space 15872K, 0% used [0x00000000e3e80000,0x00000000e3e80000,0x00000000e4e00000)
  to   space 15360K, 0% used [0x00000000e2f80000,0x00000000e2f80000,0x00000000e3e80000)
 ParOldGen       total 93184K, used 14524K [0x0000000080000000, 0x0000000085b00000, 0x00000000d5580000)
  object space 93184K, 15% used [0x0000000080000000,0x0000000080e2f3b8,0x0000000085b00000)
 Metaspace       used 45884K, capacity 47642K, committed 47784K, reserved 1091584K
  class space    used 6195K, capacity 6541K, committed 6576K, reserved 1048576K
GC Heap History (10 events):
Event: 5.334 GC heap before
{Heap before GC invocations=4 (full 0):
 PSYoungGen      total 76288K, used 21082K [0x00000000d5580000, 0x00000000dea80000, 0x0000000100000000)
  eden space 65536K, 15% used [0x00000000d5580000,0x00000000d5f9d400,0x00000000d9580000)
  from space 10752K, 99% used [0x00000000d9580000,0x00000000d9ff96e0,0x00000000da000000)
  to   space 10752K, 0% used [0x00000000de000000,0x00000000de000000,0x00000000dea80000)
 ParOldGen       total 175104K, used 753K [0x0000000080000000, 0x000000008ab00000, 0x00000000d5580000)
  object space 175104K, 0% used [0x0000000080000000,0x00000000800bc470,0x000000008ab00000)
 Metaspace       used 20575K, capacity 21212K, committed 21296K, reserved 1067008K
  class space    used 2873K, capacity 3076K, committed 3120K, reserved 1048576K
Event: 5.347 GC heap after
Heap after GC invocations=4 (full 0):
 PSYoungGen      total 141824K, used 7304K [0x00000000d5580000, 0x00000000dea80000, 0x0000000100000000)
  eden space 131072K, 0% used [0x00000000d5580000,0x00000000d5580000,0x00000000dd580000)
  from space 10752K, 67% used [0x00000000de000000,0x00000000de722040,0x00000000dea80000)
  to   space 10752K, 0% used [0x00000000dd580000,0x00000000dd580000,0x00000000de000000)
 ParOldGen       total 175104K, used 761K [0x0000000080000000, 0x000000008ab00000, 0x00000000d5580000)
  object space 175104K, 0% used [0x0000000080000000,0x00000000800be470,0x000000008ab00000)
 Metaspace       used 20575K, capacity 21212K, committed 21296K, reserved 1067008K
  class space    used 2873K, capacity 3076K, committed 3120K, reserved 1048576K
}
Event: 5.347 GC heap before
{Heap before GC invocations=5 (full 1):
 PSYoungGen      total 141824K, used 7304K [0x00000000d5580000, 0x00000000dea80000, 0x0000000100000000)
  eden space 131072K, 0% used [0x00000000d5580000,0x00000000d5580000,0x00000000dd580000)
  from space 10752K, 67% used [0x00000000de000000,0x00000000de722040,0x00000000dea80000)
  to   space 10752K, 0% used [0x00000000dd580000,0x00000000dd580000,0x00000000de000000)
 ParOldGen       total 175104K, used 761K [0x0000000080000000, 0x000000008ab00000, 0x00000000d5580000)
  object space 175104K, 0% used [0x0000000080000000,0x00000000800be470,0x000000008ab00000)
 Metaspace       used 20575K, capacity 21212K, committed 21296K, reserved 1067008K
  class space    used 2873K, capacity 3076K, committed 3120K, reserved 1048576K
Event: 5.407 GC heap after
Heap after GC invocations=5 (full 1):
 PSYoungGen      total 141824K, used 0K [0x00000000d5580000, 0x00000000dea80000, 0x0000000100000000)
  eden space 131072K, 0% used [0x00000000d5580000,0x00000000d5580000,0x00000000dd580000)
  from space 10752K, 0% used [0x00000000de000000,0x00000000de000000,0x00000000dea80000)
  to   space 10752K, 0% used [0x00000000dd580000,0x00000000dd580000,0x00000000de000000)
 ParOldGen       total 93184K, used 7188K [0x0000000080000000, 0x0000000085b00000, 0x00000000d5580000)
  object space 93184K, 7% used [0x0000000080000000,0x0000000080705130,0x0000000085b00000)
 Metaspace       used 20575K, capacity 21212K, committed 21296K, reserved 1067008K
  class space    used 2873K, capacity 3076K, committed 3120K, reserved 1048576K
}
Event: 7.547 GC heap before
{Heap before GC invocations=6 (full 1):
 PSYoungGen      total 141824K, used 131072K [0x00000000d5580000, 0x00000000dea80000, 0x0000000100000000)
  eden space 131072K, 100% used [0x00000000d5580000,0x00000000dd580000,0x00000000dd580000)
  from space 10752K, 0% used [0x00000000de000000,0x00000000de000000,0x00000000dea80000)
  to   space 10752K, 0% used [0x00000000dd580000,0x00000000dd580000,0x00000000de000000)
 ParOldGen       total 93184K, used 7188K [0x0000000080000000, 0x0000000085b00000, 0x00000000d5580000)
  object space 93184K, 7% used [0x0000000080000000,0x0000000080705130,0x0000000085b00000)
 Metaspace       used 32815K, capacity 33854K, committed 33968K, reserved 1079296K
  class space    used 4484K, capacity 4751K, committed 4784K, reserved 1048576K
Event: 7.597 GC heap after
Heap after GC invocations=6 (full 1):
 PSYoungGen      total 141824K, used 10736K [0x00000000d5580000, 0x00000000e4e00000, 0x0000000100000000)
  eden space 131072K, 0% used [0x00000000d5580000,0x00000000d5580000,0x00000000dd580000)
  from space 10752K, 99% used [0x00000000dd580000,0x00000000ddffc290,0x00000000de000000)
  to   space 15872K, 0% used [0x00000000e3e80000,0x00000000e3e80000,0x00000000e4e00000)
 ParOldGen       total 93184K, used 10657K [0x0000000080000000, 0x0000000085b00000, 0x00000000d5580000)
  object space 93184K, 11% used [0x0000000080000000,0x0000000080a685f8,0x0000000085b00000)
 Metaspace       used 32815K, capacity 33854K, committed 33968K, reserved 1079296K
  class space    used 4484K, capacity 4751K, committed 4784K, reserved 1048576K
}
Event: 8.024 GC heap before
{Heap before GC invocations=7 (full 1):
 PSYoungGen      total 141824K, used 38788K [0x00000000d5580000, 0x00000000e4e00000, 0x0000000100000000)
  eden space 131072K, 21% used [0x00000000d5580000,0x00000000d70e4de8,0x00000000dd580000)
  from space 10752K, 99% used [0x00000000dd580000,0x00000000ddffc290,0x00000000de000000)
  to   space 15872K, 0% used [0x00000000e3e80000,0x00000000e3e80000,0x00000000e4e00000)
 ParOldGen       total 93184K, used 10657K [0x0000000080000000, 0x0000000085b00000, 0x00000000d5580000)
  object space 93184K, 11% used [0x0000000080000000,0x0000000080a685f8,0x0000000085b00000)
 Metaspace       used 34245K, capacity 35406K, committed 35496K, reserved 1079296K
  class space    used 4713K, capacity 5002K, committed 5040K, reserved 1048576K
Event: 8.055 GC heap after
Heap after GC invocations=7 (full 1):
 PSYoungGen      total 239104K, used 8030K [0x00000000d5580000, 0x00000000e5580000, 0x0000000100000000)
  eden space 223232K, 0% used [0x00000000d5580000,0x00000000d5580000,0x00000000e2f80000)
  from space 15872K, 50% used [0x00000000e3e80000,0x00000000e4657a38,0x00000000e4e00000)
  to   space 15360K, 0% used [0x00000000e2f80000,0x00000000e2f80000,0x00000000e3e80000)
 ParOldGen       total 93184K, used 10665K [0x0000000080000000, 0x0000000085b00000, 0x00000000d5580000)
  object space 93184K, 11% used [0x0000000080000000,0x0000000080a6a5f8,0x0000000085b00000)
 Metaspace       used 34245K, capacity 35406K, committed 35496K, reserved 1079296K
  class space    used 4713K, capacity 5002K, committed 5040K, reserved 1048576K
}
Event: 8.056 GC heap before
{Heap before GC invocations=8 (full 2):
 PSYoungGen      total 239104K, used 8030K [0x00000000d5580000, 0x00000000e5580000, 0x0000000100000000)
  eden space 223232K, 0% used [0x00000000d5580000,0x00000000d5580000,0x00000000e2f80000)
  from space 15872K, 50% used [0x00000000e3e80000,0x00000000e4657a38,0x00000000e4e00000)
  to   space 15360K, 0% used [0x00000000e2f80000,0x00000000e2f80000,0x00000000e3e80000)
 ParOldGen       total 93184K, used 10665K [0x0000000080000000, 0x0000000085b00000, 0x00000000d5580000)
  object space 93184K, 11% used [0x0000000080000000,0x0000000080a6a5f8,0x0000000085b00000)
 Metaspace       used 34245K, capacity 35406K, committed 35496K, reserved 1079296K
  class space    used 4713K, capacity 5002K, committed 5040K, reserved 1048576K
Event: 8.193 GC heap after
Heap after GC invocations=8 (full 2):
 PSYoungGen      total 239104K, used 0K [0x00000000d5580000, 0x00000000e5580000, 0x0000000100000000)
  eden space 223232K, 0% used [0x00000000d5580000,0x00000000d5580000,0x00000000e2f80000)
  from space 15872K, 0% used [0x00000000e3e80000,0x00000000e3e80000,0x00000000e4e00000)
  to   space 15360K, 0% used [0x00000000e2f80000,0x00000000e2f80000,0x00000000e3e80000)
 ParOldGen       total 93184K, used 14524K [0x0000000080000000, 0x0000000085b00000, 0x00000000d5580000)
  object space 93184K, 15% used [0x0000000080000000,0x0000000080e2f3b8,0x0000000085b00000)
 Metaspace       used 34245K, capacity 35406K, committed 35496K, reserved 1079296K
  class space    used 4713K, capacity 5002K, committed 5040K, reserved 1048576K
}

