# JRE version: OpenJDK Runtime Environment (8.0_242-b01) (build 1.8.0_242-release-1644-b01)
# Java VM: OpenJDK 64-Bit Server VM (25.242-b01 mixed mode windows-amd64 compressed oops)
Heap:
 PSYoungGen      total 184320K, used 18145K [0x00000000d5580000, 0x00000000e3100000, 0x0000000100000000)
  eden space 173568K, 10% used [0x00000000d5580000,0x00000000d6738520,0x00000000dff00000)
  from space 10752K, 0% used [0x00000000e2680000,0x00000000e2680000,0x00000000e3100000)
  to   space 12288K, 0% used [0x00000000e1900000,0x00000000e1900000,0x00000000e2500000)
 ParOldGen       total 131584K, used 45546K [0x0000000080000000, 0x0000000088080000, 0x00000000d5580000)
  object space 131584K, 34% used [0x0000000080000000,0x0000000082c7ab00,0x0000000088080000)
 Metaspace       used 57985K, capacity 60350K, committed 60440K, reserved 1101824K
  class space    used 7980K, capacity 8479K, committed 8496K, reserved 1048576K
GC Heap History (10 events):
Event: 11.085 GC heap before
{Heap before GC invocations=9 (full 2):
 PSYoungGen      total 125952K, used 7912K [0x00000000d5580000, 0x00000000e3200000, 0x0000000100000000)
  eden space 113664K, 0% used [0x00000000d5580000,0x00000000d5580000,0x00000000dc480000)
  from space 12288K, 64% used [0x00000000dc480000,0x00000000dcc3a2d0,0x00000000dd080000)
  to   space 11776K, 0% used [0x00000000e2680000,0x00000000e2680000,0x00000000e3200000)
 ParOldGen       total 88576K, used 7177K [0x0000000080000000, 0x0000000085680000, 0x00000000d5580000)
  object space 88576K, 8% used [0x0000000080000000,0x0000000080702698,0x0000000085680000)
 Metaspace       used 34264K, capacity 35406K, committed 35496K, reserved 1079296K
  class space    used 4716K, capacity 5002K, committed 5040K, reserved 1048576K
Event: 11.182 GC heap after
Heap after GC invocations=9 (full 2):
 PSYoungGen      total 125952K, used 0K [0x00000000d5580000, 0x00000000e3200000, 0x0000000100000000)
  eden space 113664K, 0% used [0x00000000d5580000,0x00000000d5580000,0x00000000dc480000)
  from space 12288K, 0% used [0x00000000dc480000,0x00000000dc480000,0x00000000dd080000)
  to   space 11776K, 0% used [0x00000000e2680000,0x00000000e2680000,0x00000000e3200000)
 ParOldGen       total 131584K, used 14361K [0x0000000080000000, 0x0000000088080000, 0x00000000d5580000)
  object space 131584K, 10% used [0x0000000080000000,0x0000000080e06670,0x0000000088080000)
 Metaspace       used 34264K, capacity 35406K, committed 35496K, reserved 1079296K
  class space    used 4716K, capacity 5002K, committed 5040K, reserved 1048576K
}
Event: 12.926 GC heap before
{Heap before GC invocations=10 (full 2):
 PSYoungGen      total 125952K, used 113664K [0x00000000d5580000, 0x00000000e3200000, 0x0000000100000000)
  eden space 113664K, 100% used [0x00000000d5580000,0x00000000dc480000,0x00000000dc480000)
  from space 12288K, 0% used [0x00000000dc480000,0x00000000dc480000,0x00000000dd080000)
  to   space 11776K, 0% used [0x00000000e2680000,0x00000000e2680000,0x00000000e3200000)
 ParOldGen       total 131584K, used 14361K [0x0000000080000000, 0x0000000088080000, 0x00000000d5580000)
  object space 131584K, 10% used [0x0000000080000000,0x0000000080e06670,0x0000000088080000)
 Metaspace       used 38379K, capacity 40038K, committed 40232K, reserved 1083392K
  class space    used 5289K, capacity 5633K, committed 5680K, reserved 1048576K
Event: 12.952 GC heap after
Heap after GC invocations=10 (full 2):
 PSYoungGen      total 184320K, used 10694K [0x00000000d5580000, 0x00000000e3100000, 0x0000000100000000)
  eden space 173568K, 0% used [0x00000000d5580000,0x00000000d5580000,0x00000000dff00000)
  from space 10752K, 99% used [0x00000000e2680000,0x00000000e30f1ba8,0x00000000e3100000)
  to   space 12288K, 0% used [0x00000000e1900000,0x00000000e1900000,0x00000000e2500000)
 ParOldGen       total 131584K, used 14369K [0x0000000080000000, 0x0000000088080000, 0x00000000d5580000)
  object space 131584K, 10% used [0x0000000080000000,0x0000000080e08670,0x0000000088080000)
 Metaspace       used 38379K, capacity 40038K, committed 40232K, reserved 1083392K
  class space    used 5289K, capacity 5633K, committed 5680K, reserved 1048576K
}
Event: 16.456 GC heap before
{Heap before GC invocations=11 (full 2):
 PSYoungGen      total 184320K, used 184262K [0x00000000d5580000, 0x00000000e3100000, 0x0000000100000000)
  eden space 173568K, 100% used [0x00000000d5580000,0x00000000dff00000,0x00000000dff00000)
  from space 10752K, 99% used [0x00000000e2680000,0x00000000e30f1ba8,0x00000000e3100000)
  to   space 12288K, 0% used [0x00000000e1900000,0x00000000e1900000,0x00000000e2500000)
 ParOldGen       total 131584K, used 14369K [0x0000000080000000, 0x0000000088080000, 0x00000000d5580000)
  object space 131584K, 10% used [0x0000000080000000,0x0000000080e08670,0x0000000088080000)
 Metaspace       used 53936K, capacity 56038K, committed 56232K, reserved 1097728K
  class space    used 7317K, capacity 7743K, committed 7856K, reserved 1048576K
Event: 16.511 GC heap after
Heap after GC invocations=11 (full 2):
 PSYoungGen      total 185856K, used 12276K [0x00000000d5580000, 0x00000000e3100000, 0x0000000100000000)
  eden space 173568K, 0% used [0x00000000d5580000,0x00000000d5580000,0x00000000dff00000)
  from space 12288K, 99% used [0x00000000e1900000,0x00000000e24fd2f0,0x00000000e2500000)
  to   space 10752K, 0% used [0x00000000e2680000,0x00000000e2680000,0x00000000e3100000)
 ParOldGen       total 131584K, used 30471K [0x0000000080000000, 0x0000000088080000, 0x00000000d5580000)
  object space 131584K, 23% used [0x0000000080000000,0x0000000081dc1f50,0x0000000088080000)
 Metaspace       used 53936K, capacity 56038K, committed 56232K, reserved 1097728K
  class space    used 7317K, capacity 7743K, committed 7856K, reserved 1048576K
}
Event: 17.785 GC heap before
{Heap before GC invocations=12 (full 2):
 PSYoungGen      total 185856K, used 68875K [0x00000000d5580000, 0x00000000e3100000, 0x0000000100000000)
  eden space 173568K, 32% used [0x00000000d5580000,0x00000000d8cc5ca0,0x00000000dff00000)
  from space 12288K, 99% used [0x00000000e1900000,0x00000000e24fd2f0,0x00000000e2500000)
  to   space 10752K, 0% used [0x00000000e2680000,0x00000000e2680000,0x00000000e3100000)
 ParOldGen       total 131584K, used 30471K [0x0000000080000000, 0x0000000088080000, 0x00000000d5580000)
  object space 131584K, 23% used [0x0000000080000000,0x0000000081dc1f50,0x0000000088080000)
 Metaspace       used 56736K, capacity 59002K, committed 59160K, reserved 1099776K
  class space    used 7764K, capacity 8219K, committed 8240K, reserved 1048576K
Event: 17.815 GC heap after
Heap after GC invocations=12 (full 2):
 PSYoungGen      total 184320K, used 10724K [0x00000000d5580000, 0x00000000e3100000, 0x0000000100000000)
  eden space 173568K, 0% used [0x00000000d5580000,0x00000000d5580000,0x00000000dff00000)
  from space 10752K, 99% used [0x00000000e2680000,0x00000000e30f92e0,0x00000000e3100000)
  to   space 12288K, 0% used [0x00000000e1900000,0x00000000e1900000,0x00000000e2500000)
 ParOldGen       total 131584K, used 37554K [0x0000000080000000, 0x0000000088080000, 0x00000000d5580000)
  object space 131584K, 28% used [0x0000000080000000,0x00000000824acb58,0x0000000088080000)
 Metaspace       used 56736K, capacity 59002K, committed 59160K, reserved 1099776K
  class space    used 7764K, capacity 8219K, committed 8240K, reserved 1048576K
}
Event: 17.815 GC heap before
{Heap before GC invocations=13 (full 3):
 PSYoungGen      total 184320K, used 10724K [0x00000000d5580000, 0x00000000e3100000, 0x0000000100000000)
  eden space 173568K, 0% used [0x00000000d5580000,0x00000000d5580000,0x00000000dff00000)
  from space 10752K, 99% used [0x00000000e2680000,0x00000000e30f92e0,0x00000000e3100000)
  to   space 12288K, 0% used [0x00000000e1900000,0x00000000e1900000,0x00000000e2500000)
 ParOldGen       total 131584K, used 37554K [0x0000000080000000, 0x0000000088080000, 0x00000000d5580000)
  object space 131584K, 28% used [0x0000000080000000,0x00000000824acb58,0x0000000088080000)
 Metaspace       used 56736K, capacity 59002K, committed 59160K, reserved 1099776K
  class space    used 7764K, capacity 8219K, committed 8240K, reserved 1048576K
Event: 18.230 GC heap after
Heap after GC invocations=13 (full 3):
 PSYoungGen      total 184320K, used 0K [0x00000000d5580000, 0x00000000e3100000, 0x0000000100000000)
  eden space 173568K, 0% used [0x00000000d5580000,0x00000000d5580000,0x00000000dff00000)
  from space 10752K, 0% used [0x00000000e2680000,0x00000000e2680000,0x00000000e3100000)
  to   space 12288K, 0% used [0x00000000e1900000,0x00000000e1900000,0x00000000e2500000)
 ParOldGen       total 131584K, used 45546K [0x0000000080000000, 0x0000000088080000, 0x00000000d5580000)
  object space 131584K, 34% used [0x0000000080000000,0x0000000082c7ab00,0x0000000088080000)
 Metaspace       used 56730K, capacity 58984K, committed 59160K, reserved 1099776K
  class space    used 7762K, capacity 8216K, committed 8240K, reserved 1048576K
}

