# JRE version: OpenJDK Runtime Environment (8.0_242-b01) (build 1.8.0_242-release-1644-b01)
# Java VM: OpenJDK 64-Bit Server VM (25.242-b01 mixed mode windows-amd64 compressed oops)
Heap:
 PSYoungGen      total 222208K, used 3790K [0x00000000d5580000, 0x00000000e6e00000, 0x0000000100000000)
  eden space 203264K, 1% used [0x00000000d5580000,0x00000000d5933828,0x00000000e1c00000)
  from space 18944K, 0% used [0x00000000e3100000,0x00000000e3100000,0x00000000e4380000)
  to   space 21504K, 0% used [0x00000000e1c00000,0x00000000e1c00000,0x00000000e3100000)
 ParOldGen       total 93184K, used 45750K [0x0000000080000000, 0x0000000085b00000, 0x00000000d5580000)
  object space 93184K, 49% used [0x0000000080000000,0x0000000082cadab0,0x0000000085b00000)
 Metaspace       used 56785K, capacity 59088K, committed 59288K, reserved 1099776K
  class space    used 7774K, capacity 8252K, committed 8368K, reserved 1048576K
GC Heap History (10 events):
Event: 9.234 GC heap before
{Heap before GC invocations=9 (full 2):
 PSYoungGen      total 121856K, used 8080K [0x00000000d5580000, 0x00000000e2800000, 0x0000000100000000)
  eden space 110080K, 0% used [0x00000000d5580000,0x00000000d5580000,0x00000000dc100000)
  from space 11776K, 68% used [0x00000000dc100000,0x00000000dc8e43e8,0x00000000dcc80000)
  to   space 11776K, 0% used [0x00000000e1c80000,0x00000000e1c80000,0x00000000e2800000)
 ParOldGen       total 93184K, used 7214K [0x0000000080000000, 0x0000000085b00000, 0x00000000d5580000)
  object space 93184K, 7% used [0x0000000080000000,0x000000008070b810,0x0000000085b00000)
 Metaspace       used 34307K, capacity 35420K, committed 35496K, reserved 1079296K
  class space    used 4721K, capacity 5003K, committed 5040K, reserved 1048576K
Event: 9.346 GC heap after
Heap after GC invocations=9 (full 2):
 PSYoungGen      total 121856K, used 0K [0x00000000d5580000, 0x00000000e2800000, 0x0000000100000000)
  eden space 110080K, 0% used [0x00000000d5580000,0x00000000d5580000,0x00000000dc100000)
  from space 11776K, 0% used [0x00000000dc100000,0x00000000dc100000,0x00000000dcc80000)
  to   space 11776K, 0% used [0x00000000e1c80000,0x00000000e1c80000,0x00000000e2800000)
 ParOldGen       total 93184K, used 14458K [0x0000000080000000, 0x0000000085b00000, 0x00000000d5580000)
  object space 93184K, 15% used [0x0000000080000000,0x0000000080e1ebf8,0x0000000085b00000)
 Metaspace       used 34307K, capacity 35420K, committed 35496K, reserved 1079296K
  class space    used 4721K, capacity 5003K, committed 5040K, reserved 1048576K
}
Event: 11.045 GC heap before
{Heap before GC invocations=10 (full 2):
 PSYoungGen      total 121856K, used 110080K [0x00000000d5580000, 0x00000000e2800000, 0x0000000100000000)
  eden space 110080K, 100% used [0x00000000d5580000,0x00000000dc100000,0x00000000dc100000)
  from space 11776K, 0% used [0x00000000dc100000,0x00000000dc100000,0x00000000dcc80000)
  to   space 11776K, 0% used [0x00000000e1c80000,0x00000000e1c80000,0x00000000e2800000)
 ParOldGen       total 93184K, used 14458K [0x0000000080000000, 0x0000000085b00000, 0x00000000d5580000)
  object space 93184K, 15% used [0x0000000080000000,0x0000000080e1ebf8,0x0000000085b00000)
 Metaspace       used 38238K, capacity 39908K, committed 40232K, reserved 1083392K
  class space    used 5269K, capacity 5606K, committed 5680K, reserved 1048576K
Event: 11.065 GC heap after
Heap after GC invocations=10 (full 2):
 PSYoungGen      total 172544K, used 10401K [0x00000000d5580000, 0x00000000e2700000, 0x0000000100000000)
  eden space 161792K, 0% used [0x00000000d5580000,0x00000000d5580000,0x00000000df380000)
  from space 10752K, 96% used [0x00000000e1c80000,0x00000000e26a86d0,0x00000000e2700000)
  to   space 12288K, 0% used [0x00000000e0f00000,0x00000000e0f00000,0x00000000e1b00000)
 ParOldGen       total 93184K, used 14466K [0x0000000080000000, 0x0000000085b00000, 0x00000000d5580000)
  object space 93184K, 15% used [0x0000000080000000,0x0000000080e20bf8,0x0000000085b00000)
 Metaspace       used 38238K, capacity 39908K, committed 40232K, reserved 1083392K
  class space    used 5269K, capacity 5606K, committed 5680K, reserved 1048576K
}
Event: 14.176 GC heap before
{Heap before GC invocations=11 (full 2):
 PSYoungGen      total 172544K, used 172193K [0x00000000d5580000, 0x00000000e2700000, 0x0000000100000000)
  eden space 161792K, 100% used [0x00000000d5580000,0x00000000df380000,0x00000000df380000)
  from space 10752K, 96% used [0x00000000e1c80000,0x00000000e26a86d0,0x00000000e2700000)
  to   space 12288K, 0% used [0x00000000e0f00000,0x00000000e0f00000,0x00000000e1b00000)
 ParOldGen       total 93184K, used 14466K [0x0000000080000000, 0x0000000085b00000, 0x00000000d5580000)
  object space 93184K, 15% used [0x0000000080000000,0x0000000080e20bf8,0x0000000085b00000)
 Metaspace       used 52271K, capacity 54282K, committed 54568K, reserved 1095680K
  class space    used 6986K, capacity 7417K, committed 7472K, reserved 1048576K
Event: 14.228 GC heap after
Heap after GC invocations=11 (full 2):
 PSYoungGen      total 202240K, used 12260K [0x00000000d5580000, 0x00000000e4380000, 0x0000000100000000)
  eden space 189952K, 0% used [0x00000000d5580000,0x00000000d5580000,0x00000000e0f00000)
  from space 12288K, 99% used [0x00000000e0f00000,0x00000000e1af9310,0x00000000e1b00000)
  to   space 18944K, 0% used [0x00000000e3100000,0x00000000e3100000,0x00000000e4380000)
 ParOldGen       total 93184K, used 28886K [0x0000000080000000, 0x0000000085b00000, 0x00000000d5580000)
  object space 93184K, 30% used [0x0000000080000000,0x0000000081c35908,0x0000000085b00000)
 Metaspace       used 52271K, capacity 54282K, committed 54568K, reserved 1095680K
  class space    used 6986K, capacity 7417K, committed 7472K, reserved 1048576K
}
Event: 15.619 GC heap before
{Heap before GC invocations=12 (full 2):
 PSYoungGen      total 202240K, used 81914K [0x00000000d5580000, 0x00000000e4380000, 0x0000000100000000)
  eden space 189952K, 36% used [0x00000000d5580000,0x00000000d9985698,0x00000000e0f00000)
  from space 12288K, 99% used [0x00000000e0f00000,0x00000000e1af9310,0x00000000e1b00000)
  to   space 18944K, 0% used [0x00000000e3100000,0x00000000e3100000,0x00000000e4380000)
 ParOldGen       total 93184K, used 28886K [0x0000000080000000, 0x0000000085b00000, 0x00000000d5580000)
  object space 93184K, 30% used [0x0000000080000000,0x0000000081c35908,0x0000000085b00000)
 Metaspace       used 56776K, capacity 59100K, committed 59160K, reserved 1099776K
  class space    used 7769K, capacity 8224K, committed 8240K, reserved 1048576K
Event: 15.658 GC heap after
Heap after GC invocations=12 (full 2):
 PSYoungGen      total 222208K, used 18937K [0x00000000d5580000, 0x00000000e6e00000, 0x0000000100000000)
  eden space 203264K, 0% used [0x00000000d5580000,0x00000000d5580000,0x00000000e1c00000)
  from space 18944K, 99% used [0x00000000e3100000,0x00000000e437e4a0,0x00000000e4380000)
  to   space 21504K, 0% used [0x00000000e1c00000,0x00000000e1c00000,0x00000000e3100000)
 ParOldGen       total 93184K, used 29852K [0x0000000080000000, 0x0000000085b00000, 0x00000000d5580000)
  object space 93184K, 32% used [0x0000000080000000,0x0000000081d27120,0x0000000085b00000)
 Metaspace       used 56776K, capacity 59100K, committed 59160K, reserved 1099776K
  class space    used 7769K, capacity 8224K, committed 8240K, reserved 1048576K
}
Event: 15.658 GC heap before
{Heap before GC invocations=13 (full 3):
 PSYoungGen      total 222208K, used 18937K [0x00000000d5580000, 0x00000000e6e00000, 0x0000000100000000)
  eden space 203264K, 0% used [0x00000000d5580000,0x00000000d5580000,0x00000000e1c00000)
  from space 18944K, 99% used [0x00000000e3100000,0x00000000e437e4a0,0x00000000e4380000)
  to   space 21504K, 0% used [0x00000000e1c00000,0x00000000e1c00000,0x00000000e3100000)
 ParOldGen       total 93184K, used 29852K [0x0000000080000000, 0x0000000085b00000, 0x00000000d5580000)
  object space 93184K, 32% used [0x0000000080000000,0x0000000081d27120,0x0000000085b00000)
 Metaspace       used 56776K, capacity 59100K, committed 59160K, reserved 1099776K
  class space    used 7769K, capacity 8224K, committed 8240K, reserved 1048576K
Event: 16.170 GC heap after
Heap after GC invocations=13 (full 3):
 PSYoungGen      total 222208K, used 0K [0x00000000d5580000, 0x00000000e6e00000, 0x0000000100000000)
  eden space 203264K, 0% used [0x00000000d5580000,0x00000000d5580000,0x00000000e1c00000)
  from space 18944K, 0% used [0x00000000e3100000,0x00000000e3100000,0x00000000e4380000)
  to   space 21504K, 0% used [0x00000000e1c00000,0x00000000e1c00000,0x00000000e3100000)
 ParOldGen       total 93184K, used 45750K [0x0000000080000000, 0x0000000085b00000, 0x00000000d5580000)
  object space 93184K, 49% used [0x0000000080000000,0x0000000082cadab0,0x0000000085b00000)
 Metaspace       used 56760K, capacity 59046K, committed 59160K, reserved 1099776K
  class space    used 7764K, capacity 8215K, committed 8240K, reserved 1048576K
}

